<?xml version="1.0" encoding="UTF-8"?>
<!-- Generated by org.testng.reporters.JUnitReportReporter -->
<testsuite hostname="Vicky" failures="0" tests="9" name="testng.verifyForgotPassWordPage" time="104.476" errors="0" timestamp="2023-03-30T14:24:53 IST" skipped="0">
  <testcase classname="testng.verifyForgotPassWordPage" name="test1" time="26.259"/>
  <system-out/>
  <testcase classname="testng.verifyForgotPassWordPage" name="test2" time="4.598"/>
  <system-out/>
  <testcase classname="testng.verifyForgotPassWordPage" name="test3" time="2.698"/>
  <system-out/>
  <testcase classname="testng.verifyForgotPassWordPage" name="test1" time="24.897"/>
  <system-out/>
  <testcase classname="testng.verifyForgotPassWordPage" name="test3" time="5.873"/>
  <system-out/>
  <testcase classname="testng.verifyForgotPassWordPage" name="test3" time="6.633"/>
  <system-out/>
  <testcase classname="testng.verifyForgotPassWordPage" name="test1" time="25.341"/>
  <system-out/>
  <testcase classname="testng.verifyForgotPassWordPage" name="test2" time="5.589"/>
  <system-out/>
  <testcase classname="testng.verifyForgotPassWordPage" name="test2" time="2.588"/>
  <system-out/>
</testsuite> <!-- testng.verifyForgotPassWordPage -->
