<?xml version="1.0" encoding="UTF-8"?>
<!-- Generated by org.testng.reporters.JUnitReportReporter -->
<testsuite hostname="Vicky" failures="0" tests="1" name="testng.testngclass" time="0.008" errors="0" timestamp="2023-03-16T05:09:36 IST" skipped="0">
  <testcase classname="testng.testngclass" name="test" time="0.008"/>
  <system-out/>
</testsuite> <!-- testng.testngclass -->
